touchnmath/proguard-project.txt
# To enable ProGuard in your project, edit project.properties
# to define the proguard.config property as described in that file.
#
# Add project specific ProGuard rules here.
# By default, the flags in this file are appended to flags specified
# in ${sdk.dir}/tools/proguard/proguard-android.txt
# You can edit the include path and order by changing the ProGuard
# include property in project.properties.
#
# For more details, see
#   http://developer.android.com/guide/developing/tools/proguard.html

# Add any project specific keep options here:

# If your project uses WebView with JS, uncomment the following
# and specify the fully qualified class name to the JavaScript interface
# class:
#-keepclassmembers class fqcn.of.javascript.interface.for.webview {
#   public *;
#}

# Except Naver ID Login Library
-keep public class com.nhn.android.naverlogin.** {
  public protected *;
}

-keep public class com.touchnedu.gradea.studya.math.modules.JavascriptCallback
-keep public class * implements com.touchnedu.gradea.studya.math.modules.JavascriptCallback
-keepclassmembers class * implements com.touchnedu.gradea.studya.math.modules.JavascriptCallback {
    <methods>;
}
-keep public class com.touchnedu.gradea.studya.math.modules.JavascriptMainCallback
-keep public class * implements com.touchnedu.gradea.studya.math.modules.JavascriptMainCallback
-keepclassmembers class * implements com.touchnedu.gradea.studya.math.modules.JavascriptMainCallback {
    <methods>;
}
-keep public class com.touchnedu.gradea.studya.math.modules.JavascriptHintCallback
-keep public class * implements com.touchnedu.gradea.studya.math.modules.JavascriptHintCallback
-keepclassmembers class * implements com.touchnedu.gradea.studya.math.modules.JavascriptHintCallback {
    <methods>;
}

-keepclassmembers class * {
    @android.webkit.JavascriptInterface <methods>;
}

#-keep public class com.touchnedu.gradea.studya.math.modules.LayoutInflateController {
#	public *;
#}

# Except MyScript ATK 
-keep class com.myscript.atk.** {
	<methods>;
}
-keep interface com.myscript.atk.maw.**

# Except jsoup library
-keep public class org.jsoup.** {
	public *;
}

-libraryjars libs
-keep class android.support.v4.app.** { *; }
-keep interface android.support.v4.app.** { *; }

##---------------Begin: proguard configuration for Igaworks Common  ----------
-keep class com.igaworks.** { *; }
-dontwarn com.igaworks.**
##---------------End: proguard configuration for Igaworks Common   ----------

##---------------Begin: proguard configuration for Gson  ----------
# Gson uses generic type information stored in a class file when working with fields. Proguard
# removes such information by default, so configure it to keep all of it.
-keepattributes Signature

# For using GSON @Expose annotation
-keepattributes *Annotation*

# Gson specific classes
-keep class sun.misc.Unsafe { *; }
-keep class com.igaworks.gson.stream.** { *; }

# Application classes that will be serialized/deserialized over Gson
-keep class com.igaworks.adbrix.model.** { *; }

##---------------End: proguard configuration for Gson  ----------

# 사용하지 않는 코드 출력
-printusage unused.txt