touchnmath/proguard/seeds.txt
com.touchnedu.gradea.studya.math.AgreeForJoinActivity
com.touchnedu.gradea.studya.math.AgreeForJoinActivity: AgreeForJoinActivity()
com.touchnedu.gradea.studya.math.AgreeForJoinActivity$1: void onClick(android.view.View)
com.touchnedu.gradea.studya.math.AgreeInfoActivity
com.touchnedu.gradea.studya.math.AgreeInfoActivity: AgreeInfoActivity()
com.touchnedu.gradea.studya.math.AllHintActivity
com.touchnedu.gradea.studya.math.AllHintActivity: AllHintActivity()
com.touchnedu.gradea.studya.math.AllHintActivity: void onClick(android.view.View)
com.touchnedu.gradea.studya.math.AllHintActivity$HintBridge: void isLastHint()
com.touchnedu.gradea.studya.math.EnterActivity
com.touchnedu.gradea.studya.math.EnterActivity: EnterActivity()
com.touchnedu.gradea.studya.math.EnterActivity: void onClick(android.view.View)
com.touchnedu.gradea.studya.math.EnterActivity$1: void onClick(android.view.View)
com.touchnedu.gradea.studya.math.EnterActivity$2: void onClick(android.view.View)
com.touchnedu.gradea.studya.math.MainLayout
com.touchnedu.gradea.studya.math.MainLayout: MainLayout(android.content.Context,android.util.AttributeSet)
com.touchnedu.gradea.studya.math.MainLayout: MainLayout(android.content.Context)
com.touchnedu.gradea.studya.math.MainLayout: void toggleMenu()
com.touchnedu.gradea.studya.math.MainLayout$MenuState: com.touchnedu.gradea.studya.math.MainLayout$MenuState[] values()
com.touchnedu.gradea.studya.math.MainLayout$MenuState: com.touchnedu.gradea.studya.math.MainLayout$MenuState valueOf(java.lang.String)
com.touchnedu.gradea.studya.math.NavigationDrawerFragment
com.touchnedu.gradea.studya.math.NavigationDrawerFragment: NavigationDrawerFragment()
com.touchnedu.gradea.studya.math.NoticeActivity
com.touchnedu.gradea.studya.math.NoticeActivity: NoticeActivity()
com.touchnedu.gradea.studya.math.OptionActivity
com.touchnedu.gradea.studya.math.OptionActivity: OptionActivity()
com.touchnedu.gradea.studya.math.OptionActivity: void onClick(android.view.View)
com.touchnedu.gradea.studya.math.OptionActivity$1: void onClick(android.content.DialogInterface,int)
com.touchnedu.gradea.studya.math.OptionActivity$2: void onClick(android.content.DialogInterface,int)
com.touchnedu.gradea.studya.math.PersonalInfoActivity
com.touchnedu.gradea.studya.math.PersonalInfoActivity: PersonalInfoActivity()
com.touchnedu.gradea.studya.math.PersonalInfoForJoinActivity
com.touchnedu.gradea.studya.math.PersonalInfoForJoinActivity: PersonalInfoForJoinActivity()
com.touchnedu.gradea.studya.math.PersonalInfoForJoinActivity$1: void onClick(android.view.View)
com.touchnedu.gradea.studya.math.R$anim: int alpha
com.touchnedu.gradea.studya.math.R$anim: int blink
com.touchnedu.gradea.studya.math.R$anim: int scale
com.touchnedu.gradea.studya.math.R$array: int join_job
com.touchnedu.gradea.studya.math.R$array: int menu_items
com.touchnedu.gradea.studya.math.R$array: int planets_array
...
com.igaworks.liveops.pushservice.PushServiceImpl$9$1
com.igaworks.liveops.pushservice.PushServiceImpl$9$1: com.igaworks.liveops.pushservice.PushServiceImpl$9 this$1
com.igaworks.liveops.pushservice.PushServiceImpl$9$1: android.content.Context val$context
com.igaworks.liveops.pushservice.PushServiceImpl$9$1: java.lang.String val$regId
com.igaworks.liveops.pushservice.PushServiceImpl$9$1: PushServiceImpl$9$1(com.igaworks.liveops.pushservice.PushServiceImpl$9,android.content.Context,java.lang.String)
com.igaworks.liveops.pushservice.PushServiceImpl$9$1: void callback(java.lang.String,java.lang.Exception)
com.igaworks.liveops.pushservice.PushServiceImpl$UpdateRegisrationIDTask
com.igaworks.liveops.pushservice.PushServiceImpl$UpdateRegisrationIDTask: android.content.Context context
com.igaworks.liveops.pushservice.PushServiceImpl$UpdateRegisrationIDTask: com.igaworks.liveops.pushservice.PushServiceImpl this$0
com.igaworks.liveops.pushservice.PushServiceImpl$UpdateRegisrationIDTask: PushServiceImpl$UpdateRegisrationIDTask(com.igaworks.liveops.pushservice.PushServiceImpl,android.content.Context)
com.igaworks.liveops.pushservice.PushServiceImpl$UpdateRegisrationIDTask: void run()
com.igaworks.liveops.pushservice.PushServiceInterface
com.igaworks.liveops.pushservice.PushServiceInterface: java.lang.String getGcmSenderId()
com.igaworks.liveops.pushservice.PushServiceInterface: void initialize(android.content.Context)
com.igaworks.liveops.pushservice.PushServiceInterface: void initialize(android.content.Context,java.lang.String)
com.igaworks.liveops.pushservice.PushServiceInterface: void setTrackingInfo(android.content.Context,java.lang.String,java.lang.String,long,java.lang.String,java.lang.String)
com.igaworks.liveops.pushservice.PushServiceInterface: void resume(android.content.Context)
com.igaworks.liveops.pushservice.PushServiceInterface: java.lang.String getRegistrationId(android.content.Context)
com.igaworks.liveops.pushservice.PushServiceInterface: void enableService(android.content.Context,boolean,com.igaworks.liveops.pushservice.LiveOpsGCMPushEnableEventListener)
com.igaworks.liveops.pushservice.PushServiceInterface: void sendRegistrationIdToBackend(android.content.Context,java.lang.String)
com.igaworks.liveops.pushservice.PushServiceInterface: void cancelClientPushEvent(android.content.Context,int)
com.igaworks.liveops.pushservice.PushServiceInterface: void setNormalClientPushEvent(android.content.Context,long,java.lang.String,int,boolean)
com.igaworks.liveops.pushservice.PushServiceInterface: void setBigTextClientPushEvent(android.content.Context,long,java.lang.String,java.lang.String,java.lang.String,java.lang.String,int,boolean)
com.igaworks.liveops.pushservice.RegistrationIdEventListener
com.igaworks.liveops.pushservice.RegistrationIdEventListener: void onReceiveRegistrationId(java.lang.String)
com.igaworks.liveops.utils.ApDisplaySetterForXHigh
com.igaworks.liveops.utils.ApDisplaySetterForXHigh: double scale
com.igaworks.liveops.utils.ApDisplaySetterForXHigh: double inverseOfScale
com.igaworks.liveops.utils.ApDisplaySetterForXHigh: boolean isInit
com.igaworks.liveops.utils.ApDisplaySetterForXHigh: android.util.DisplayMetrics displayXY
com.igaworks.liveops.utils.ApDisplaySetterForXHigh: int density
com.igaworks.liveops.utils.ApDisplaySetterForXHigh: void <clinit>()
com.igaworks.liveops.utils.ApDisplaySetterForXHigh: ApDisplaySetterForXHigh()
com.igaworks.liveops.utils.ApDisplaySetterForXHigh: void initScale(android.content.Context)
com.igaworks.liveops.utils.ApDisplaySetterForXHigh: double getNormalizeFactor(android.content.Context)
com.igaworks.liveops.utils.ApDisplaySetterForXHigh: android.util.DisplayMetrics getDisplayXY(android.content.Context)
com.igaworks.liveops.utils.ApDisplaySetterForXHigh: double getScale(android.content.Context)
com.igaworks.liveops.utils.ApDisplaySetterForXHigh: double getInverseOfScale(android.content.Context)