touchnmath/proguard/mapping.txt
com.touchnedu.gradea.studya.math.AgreeForJoinActivity -> com.touchnedu.gradea.studya.math.AgreeForJoinActivity:
    android.webkit.WebView myWebView -> b
    android.content.Context mContext -> a
    void onCreate(android.os.Bundle) -> onCreate
    void initView() -> a
    void onDestroy() -> onDestroy
com.touchnedu.gradea.studya.math.AgreeForJoinActivity$1 -> com.touchnedu.gradea.studya.math.a:
    com.touchnedu.gradea.studya.math.AgreeForJoinActivity this$0 -> a
    void onClick(android.view.View) -> onClick
com.touchnedu.gradea.studya.math.AgreeForJoinActivity$MyBrowser -> com.touchnedu.gradea.studya.math.b:
    com.touchnedu.gradea.studya.math.AgreeForJoinActivity this$0 -> a
    boolean shouldOverrideUrlLoading(android.webkit.WebView,java.lang.String) -> shouldOverrideUrlLoading
com.touchnedu.gradea.studya.math.AgreeInfoActivity -> com.touchnedu.gradea.studya.math.AgreeInfoActivity:
    android.content.Context mContext -> a
    android.webkit.WebView myWebView -> b
    void onCreate(android.os.Bundle) -> onCreate
    void initView() -> a
    void onRestart() -> onRestart
    boolean onKeyDown(int,android.view.KeyEvent) -> onKeyDown
com.touchnedu.gradea.studya.math.AgreeInfoActivity$MyBrowser -> com.touchnedu.gradea.studya.math.c:
    com.touchnedu.gradea.studya.math.AgreeInfoActivity this$0 -> a
    boolean shouldOverrideUrlLoading(android.webkit.WebView,java.lang.String) -> shouldOverrideUrlLoading
com.touchnedu.gradea.studya.math.AllHintActivity -> com.touchnedu.gradea.studya.math.AllHintActivity:
    android.content.Context context -> a
    android.widget.TextView hTitle -> b
    android.widget.Button hBackButton -> c
    android.widget.ImageView prevButton -> d
    android.widget.ImageView nextButton -> e
    android.webkit.WebView hWebView -> f
    java.lang.String schoolCode -> g
    java.lang.String largeChapterCode -> h
    int hintNumber -> i
    void onCreate(android.os.Bundle) -> onCreate
    void initView() -> a
    void callHintPage() -> b
    void onClick(android.view.View) -> onClick
    void lastHintDialog() -> c
    void onPause() -> onPause
    void access$0(com.touchnedu.gradea.studya.math.AllHintActivity) -> a
    void access$1(com.touchnedu.gradea.studya.math.AllHintActivity) -> b
    android.content.Context access$2(com.touchnedu.gradea.studya.math.AllHintActivity) -> c
com.touchnedu.gradea.studya.math.AllHintActivity$1 -> com.touchnedu.gradea.studya.math.d:
    com.touchnedu.gradea.studya.math.AllHintActivity this$0 -> a
    void onPageFinished(android.webkit.WebView,java.lang.String) -> onPageFinished
com.touchnedu.gradea.studya.math.AllHintActivity$2 -> com.touchnedu.gradea.studya.math.e:
    com.touchnedu.gradea.studya.math.AllHintActivity this$0 -> a
    void run() -> run
com.touchnedu.gradea.studya.math.AllHintActivity$HintBridge -> com.touchnedu.gradea.studya.math.f:
    com.touchnedu.gradea.studya.math.AllHintActivity this$0 -> a
    void isLastHint() -> isLastHint
    com.touchnedu.gradea.studya.math.AllHintActivity access$1(com.touchnedu.gradea.studya.math.AllHintActivity$HintBridge) -> a
com.touchnedu.gradea.studya.math.AllHintActivity$HintBridge$1 -> com.touchnedu.gradea.studya.math.g:
    com.touchnedu.gradea.studya.math.AllHintActivity$HintBridge this$1 -> a
    void run() -> run
...
com.igaworks.displayad.adapter.IMobileAdapter -> com.igaworks.displayad.adapter.IMobileAdapter:
    android.widget.LinearLayout a -> a
    boolean b -> b
    boolean c -> c
    java.lang.String d -> d
    java.lang.String e -> e
    java.lang.String f -> f
    void startBannerAd(android.content.Context) -> startBannerAd
    void pauseBannerAd() -> pauseBannerAd
    void stopBannerAd() -> stopBannerAd
    void destroy() -> destroy
    android.view.View makeBannerView(android.content.Context) -> makeBannerView
    void showInterstitial(android.content.Context) -> showInterstitial
    void stopInterstitial() -> stopInterstitial
    java.lang.String getNetworkName() -> getNetworkName
    boolean a(com.igaworks.displayad.adapter.IMobileAdapter) -> a
    java.lang.String b(com.igaworks.displayad.adapter.IMobileAdapter) -> b
    void a(com.igaworks.displayad.adapter.IMobileAdapter,boolean) -> a
    boolean c(com.igaworks.displayad.adapter.IMobileAdapter) -> c
    java.lang.String d(com.igaworks.displayad.adapter.IMobileAdapter) -> d
    void b(com.igaworks.displayad.adapter.IMobileAdapter,boolean) -> b
com.igaworks.displayad.adapter.IMobileAdapter$1 -> com.igaworks.displayad.adapter.IMobileAdapter$1:
    com.igaworks.displayad.adapter.IMobileAdapter a -> a
    void run() -> run
com.igaworks.displayad.adapter.IMobileAdapter$2 -> com.igaworks.displayad.adapter.IMobileAdapter$2:
    com.igaworks.displayad.adapter.IMobileAdapter a -> a
    void onAdShowCompleted() -> onAdShowCompleted
    void onFailed(jp.co.imobile.sdkads.android.FailNotificationReason) -> onFailed
com.igaworks.displayad.adapter.IMobileAdapter$3 -> com.igaworks.displayad.adapter.IMobileAdapter$3:
    com.igaworks.displayad.adapter.IMobileAdapter a -> a
    android.content.Context b -> b
    void onAdReadyCompleted() -> onAdReadyCompleted
    void onAdShowCompleted() -> onAdShowCompleted
    void onFailed(jp.co.imobile.sdkads.android.FailNotificationReason) -> onFailed
    void onAdCloseCompleted() -> onAdCloseCompleted
com.igaworks.displayad.adapter.IgaworksAdapter -> com.igaworks.displayad.adapter.IgaworksAdapter:
    java.lang.String IGAW -> IGAW
    com.igaworks.displayad.view.a a -> a
    com.igaworks.displayad.c.a b -> b
    java.util.ArrayList c -> c
    boolean d -> d
    android.content.Context e -> e
    java.lang.String f -> f
    java.lang.String g -> g
    java.lang.String h -> h
    void setMediationMediaName(java.lang.String,java.lang.String) -> setMediationMediaName
    void startBannerAd(android.content.Context) -> startBannerAd
    void pauseBannerAd() -> pauseBannerAd
    void stopBannerAd() -> stopBannerAd
    void destroy() -> destroy
    android.view.View makeBannerView(android.content.Context) -> makeBannerView
    int getRefreshTime() -> getRefreshTime
    void a(java.lang.String) -> a
    void showInterstitial(android.content.Context) -> showInterstitial
    void stopInterstitial() -> stopInterstitial
    void b(java.lang.String) -> b
    void a(java.lang.String,java.lang.String) -> a
    void onNetResponseListener(int,java.lang.String,java.lang.String,boolean) -> onNetResponseListener
    java.lang.String getNetworkName() -> getNetworkName
    void loadIgawInterstitialAd(android.content.Context,java.lang.String) -> loadIgawInterstitialAd
    void showIgawInterstitialAd(android.content.Context,java.lang.String) -> showIgawInterstitialAd
com.igaworks.displayad.adapter.IgaworksAdapter$1 -> com.igaworks.displayad.adapter.IgaworksAdapter$1:
    com.igaworks.displayad.adapter.IgaworksAdapter a -> a
    void run() -> run
com.igaworks.displayad.adapter.IgaworksAdapter$2 -> com.igaworks.displayad.adapter.IgaworksAdapter$2:
    com.igaworks.displayad.adapter.IgaworksAdapter a -> a
    void OnBannerAdReceiveSuccess() -> OnBannerAdReceiveSuccess
    void OnBannerAdReceiveFailed(com.igaworks.displayad.common.DAErrorCode) -> OnBannerAdReceiveFailed