touchnmath/proguard/usage.txt
com.touchnedu.gradea.studya.math.AgreeForJoinActivity:
    android.webkit.WebView webview
com.touchnedu.gradea.studya.math.BuildConfig
com.touchnedu.gradea.studya.math.MainLayout:
    private static final int SLIDING_DURATION
    private static final int QUERY_INTERVAL
    240:240:public boolean isMenuShown()
    244:306:public boolean onContentTouch(android.view.View,android.view.MotionEvent)
com.touchnedu.gradea.studya.math.NavigationDrawerFragment:
    private static final java.lang.String STATE_SELECTED_POSITION
    private static final java.lang.String PREF_USER_LEARNED_DRAWER
    124:195:public void setUp(int,android.support.v4.widget.DrawerLayout)
    59:59:static synthetic boolean access$1(com.touchnedu.gradea.studya.math.NavigationDrawerFragment)
    59:59:static synthetic void access$2(com.touchnedu.gradea.studya.math.NavigationDrawerFragment,boolean)
    51:51:static synthetic android.support.v4.app.ActionBarDrawerToggle access$3(com.touchnedu.gradea.studya.math.NavigationDrawerFragment)
com.touchnedu.gradea.studya.math.NavigationDrawerFragment$2
com.touchnedu.gradea.studya.math.NavigationDrawerFragment$3
com.touchnedu.gradea.studya.math.R
com.touchnedu.gradea.studya.math.R$anim
com.touchnedu.gradea.studya.math.R$array
com.touchnedu.gradea.studya.math.R$attr
com.touchnedu.gradea.studya.math.R$dimen
com.touchnedu.gradea.studya.math.R$drawable
com.touchnedu.gradea.studya.math.R$id
com.touchnedu.gradea.studya.math.R$layout
com.touchnedu.gradea.studya.math.R$menu
com.touchnedu.gradea.studya.math.R$raw
com.touchnedu.gradea.studya.math.R$string
com.touchnedu.gradea.studya.math.R$style
com.touchnedu.gradea.studya.math.R$styleable
com.touchnedu.gradea.studya.math.SplashScreenActivity
com.touchnedu.gradea.studya.math.SplashScreenActivity$1
com.touchnedu.gradea.studya.math.Tabs07
com.touchnedu.gradea.studya.math.TutorialMenuActivity:
    private android.view.View decorView
    private int uiOption
com.touchnedu.gradea.studya.math.data.Constants
com.touchnedu.gradea.studya.math.data.DLog
com.touchnedu.gradea.studya.math.data.DataBases
com.touchnedu.gradea.studya.math.data.DataBases$CreateDB
com.touchnedu.gradea.studya.math.data.DbOpenHelper:
    private static final java.lang.String DATABASE_NAME
    private static final int DATABASE_VERSION
    76:78:public boolean updateColumn(long,java.lang.String,java.lang.String)
    108:108:public android.database.Cursor getAllColumns()
    113:117:public android.database.Cursor getColumn(long)
    122:123:public android.database.Cursor getMatchName(java.lang.String)
    128:129:public android.database.Cursor getMatchNameMath(java.lang.String,java.lang.String)
com.touchnedu.gradea.studya.math.data.InfoClass
com.touchnedu.gradea.studya.math.data.Ttestest
com.touchnedu.gradea.studya.math.membership.LoginActivity:
    private static final java.lang.String PRJT
com.touchnedu.gradea.studya.math.membership.MathUserNetwork:
    public static final int OKAY
    public static final int ERROR
    public static final int NOT_MATCH
    public static final int NO_NETWORK
    public static final int ALREADY
    private static final java.lang.String PRJT
    145:153:public boolean checkAutoLogin(android.content.Context)
    302:352:public int findId(java.lang.String,java.lang.String,java.lang.StringBuilder)
    414:467:public int qnaMail(java.lang.String,java.lang.String,java.lang.StringBuilder)
    472:519:public int logout(java.lang.StringBuilder)
    572:573:public void setLoggedIn(boolean)
    576:576:public boolean isLoggedIn()
    580:580:public org.apache.http.impl.client.DefaultHttpClient getHttpClient()
com.touchnedu.gradea.studya.math.membership.UserQuitActivity:
    private static final java.lang.String PRJT
com.touchnedu.gradea.studya.math.modules.AccountInfo:
    7:7:public AccountInfo()
...
android.support.v4.util.SimpleArrayMap:
    private static final boolean DEBUG
    private static final java.lang.String TAG
    private static final int BASE_SIZE
    private static final int CACHE_SIZE
    217:225:public SimpleArrayMap(int)
    231:235:public SimpleArrayMap(android.support.v4.util.SimpleArrayMap)
    429:442:public void putAll(android.support.v4.util.SimpleArrayMap)
android.support.v4.util.SparseArrayCompat:
    132:136:public void removeAtRange(int,int)
    263:268:public void setValueAt(int,java.lang.Object)
    294:302:public int indexOfValue(java.lang.Object)
    325:352:public void append(int,java.lang.Object)
android.support.v4.util.TimeUtils
android.support.v4.view.AccessibilityDelegateCompatIcs:
    28:30:AccessibilityDelegateCompatIcs()
android.support.v4.view.AccessibilityDelegateCompatJellyBean:
    30:32:AccessibilityDelegateCompatJellyBean()
android.support.v4.view.ActionProvider
android.support.v4.view.ActionProvider$SubUiVisibilityListener
android.support.v4.view.ActionProvider$VisibilityListener
android.support.v4.view.GestureDetectorCompat
android.support.v4.view.GestureDetectorCompat$GestureDetectorCompatImpl
android.support.v4.view.GestureDetectorCompat$GestureDetectorCompatImplBase
android.support.v4.view.GestureDetectorCompat$GestureDetectorCompatImplBase$GestureHandler
android.support.v4.view.GestureDetectorCompat$GestureDetectorCompatImplJellybeanMr2
android.support.v4.view.GravityCompat:
    public static final int RELATIVE_LAYOUT_DIRECTION
    public static final int START
    public static final int END
    public static final int RELATIVE_HORIZONTAL_GRAVITY_MASK
    132:133:public static void apply(int,int,int,android.graphics.Rect,android.graphics.Rect,int)
    162:163:public static void apply(int,int,int,android.graphics.Rect,int,int,android.graphics.Rect,int)
    186:187:public static void applyDisplay(int,android.graphics.Rect,android.graphics.Rect,int)
    204:204:private GravityCompat()
android.support.v4.view.GravityCompat$GravityCompatImpl:
    public abstract void apply(int,int,int,android.graphics.Rect,android.graphics.Rect,int)
    public abstract void apply(int,int,int,android.graphics.Rect,int,int,android.graphics.Rect,int)
    public abstract void applyDisplay(int,android.graphics.Rect,android.graphics.Rect,int)
android.support.v4.view.GravityCompat$GravityCompatImplBase:
    46:47:public void apply(int,int,int,android.graphics.Rect,android.graphics.Rect,int)
    52:53:public void apply(int,int,int,android.graphics.Rect,int,int,android.graphics.Rect,int)
    58:59:public void applyDisplay(int,android.graphics.Rect,android.graphics.Rect,int)
android.support.v4.view.GravityCompat$GravityCompatImplJellybeanMr1:
    71:72:public void apply(int,int,int,android.graphics.Rect,android.graphics.Rect,int)
    77:79:public void apply(int,int,int,android.graphics.Rect,int,int,android.graphics.Rect,int)
    83:84:public void applyDisplay(int,android.graphics.Rect,android.graphics.Rect,int)
android.support.v4.view.GravityCompatJellybeanMr1:
    23:23:GravityCompatJellybeanMr1()
    31:32:public static void apply(int,int,int,android.graphics.Rect,android.graphics.Rect,int)
    36:37:public static void apply(int,int,int,android.graphics.Rect,int,int,android.graphics.Rect,int)
    40:41:public static void applyDisplay(int,android.graphics.Rect,android.graphics.Rect,int)
android.support.v4.view.InputDeviceCompat